
2020-01-22 16:01:32
[ERROR]-[Thread: qtp870698190-20]-[com.jfinal.core.ActionHandler.handle()]: /application/view/[applicant_avatar]
java.lang.NumberFormatException: For input string: "[applicant_avatar]"
	at java.lang.NumberFormatException.forInputString(NumberFormatException.java:65)
	at java.lang.Integer.parseInt(Integer.java:580)
	at java.lang.Integer.parseInt(Integer.java:615)
	at com.jfinal.core.Controller.getParaToInt_(Controller.java:211)
	at com.jfinal.core.Controller.getParaToInt(Controller.java:553)
	at com.cms.front.common.ApplicationController.view(ApplicationController.java:56)
	at sun.reflect.NativeMethodAccessorImpl.invoke0(Native Method)
	at sun.reflect.NativeMethodAccessorImpl.invoke(NativeMethodAccessorImpl.java:62)
	at sun.reflect.DelegatingMethodAccessorImpl.invoke(DelegatingMethodAccessorImpl.java:43)
	at java.lang.reflect.Method.invoke(Method.java:498)
	at com.jfinal.core.ActionInvocation.invoke(ActionInvocation.java:55)
	at com.cms.front.common.MInterceptor.intercept(MInterceptor.java:46)
	at com.jfinal.core.ActionInvocation.invoke(ActionInvocation.java:51)
	at com.jfinal.ext.interceptor.SessionInViewInterceptor.intercept(SessionInViewInterceptor.java:44)
	at com.jfinal.core.ActionInvocation.invoke(ActionInvocation.java:51)
	at com.cms.front.common.GlobalInterceptor.intercept(GlobalInterceptor.java:75)
	at com.jfinal.core.ActionInvocation.invoke(ActionInvocation.java:51)
	at com.jfinal.core.ActionHandler.handle(ActionHandler.java:75)
	at com.jfinal.core.JFinalFilter.doFilter(JFinalFilter.java:72)
	at org.eclipse.jetty.servlet.ServletHandler$CachedChain.doFilter(ServletHandler.java:1307)
	at org.eclipse.jetty.servlet.ServletHandler.doHandle(ServletHandler.java:453)
	at org.eclipse.jetty.server.handler.ScopedHandler.handle(ScopedHandler.java:137)
	at org.eclipse.jetty.security.SecurityHandler.handle(SecurityHandler.java:560)
	at org.eclipse.jetty.server.session.SessionHandler.doHandle(SessionHandler.java:231)
	at org.eclipse.jetty.server.handler.ContextHandler.doHandle(ContextHandler.java:1072)
	at org.eclipse.jetty.servlet.ServletHandler.doScope(ServletHandler.java:382)
	at org.eclipse.jetty.server.session.SessionHandler.doScope(SessionHandler.java:193)
	at org.eclipse.jetty.server.handler.ContextHandler.doScope(ContextHandler.java:1006)
	at org.eclipse.jetty.server.handler.ScopedHandler.handle(ScopedHandler.java:135)
	at org.eclipse.jetty.server.handler.HandlerWrapper.handle(HandlerWrapper.java:116)
	at org.eclipse.jetty.server.Server.handle(Server.java:365)
	at org.eclipse.jetty.server.AbstractHttpConnection.handleRequest(AbstractHttpConnection.java:485)
	at org.eclipse.jetty.server.AbstractHttpConnection.headerComplete(AbstractHttpConnection.java:926)
	at org.eclipse.jetty.server.AbstractHttpConnection$RequestHandler.headerComplete(AbstractHttpConnection.java:988)
	at org.eclipse.jetty.http.HttpParser.parseNext(HttpParser.java:635)
	at org.eclipse.jetty.http.HttpParser.parseAvailable(HttpParser.java:235)
	at org.eclipse.jetty.server.AsyncHttpConnection.handle(AsyncHttpConnection.java:82)
	at org.eclipse.jetty.io.nio.SelectChannelEndPoint.handle(SelectChannelEndPoint.java:628)
	at org.eclipse.jetty.io.nio.SelectChannelEndPoint$1.run(SelectChannelEndPoint.java:52)
	at org.eclipse.jetty.util.thread.QueuedThreadPool.runJob(QueuedThreadPool.java:608)
	at org.eclipse.jetty.util.thread.QueuedThreadPool$3.run(QueuedThreadPool.java:543)
	at java.lang.Thread.run(Thread.java:748)

2020-01-22 16:02:11
[ERROR]-[Thread: qtp870698190-20]-[com.jfinal.core.ActionHandler.handle()]: /application/view/[applicant_avatar]
java.lang.NumberFormatException: For input string: "[applicant_avatar]"
	at java.lang.NumberFormatException.forInputString(NumberFormatException.java:65)
	at java.lang.Integer.parseInt(Integer.java:580)
	at java.lang.Integer.parseInt(Integer.java:615)
	at com.jfinal.core.Controller.getParaToInt_(Controller.java:211)
	at com.jfinal.core.Controller.getParaToInt(Controller.java:553)
	at com.cms.front.common.ApplicationController.view(ApplicationController.java:56)
	at sun.reflect.NativeMethodAccessorImpl.invoke0(Native Method)
	at sun.reflect.NativeMethodAccessorImpl.invoke(NativeMethodAccessorImpl.java:62)
	at sun.reflect.DelegatingMethodAccessorImpl.invoke(DelegatingMethodAccessorImpl.java:43)
	at java.lang.reflect.Method.invoke(Method.java:498)
	at com.jfinal.core.ActionInvocation.invoke(ActionInvocation.java:55)
	at com.cms.front.common.MInterceptor.intercept(MInterceptor.java:46)
	at com.jfinal.core.ActionInvocation.invoke(ActionInvocation.java:51)
	at com.jfinal.ext.interceptor.SessionInViewInterceptor.intercept(SessionInViewInterceptor.java:44)
	at com.jfinal.core.ActionInvocation.invoke(ActionInvocation.java:51)
	at com.cms.front.common.GlobalInterceptor.intercept(GlobalInterceptor.java:75)
	at com.jfinal.core.ActionInvocation.invoke(ActionInvocation.java:51)
	at com.jfinal.core.ActionHandler.handle(ActionHandler.java:75)
	at com.jfinal.core.JFinalFilter.doFilter(JFinalFilter.java:72)
	at org.eclipse.jetty.servlet.ServletHandler$CachedChain.doFilter(ServletHandler.java:1307)
	at org.eclipse.jetty.servlet.ServletHandler.doHandle(ServletHandler.java:453)
	at org.eclipse.jetty.server.handler.ScopedHandler.handle(ScopedHandler.java:137)
	at org.eclipse.jetty.security.SecurityHandler.handle(SecurityHandler.java:560)
	at org.eclipse.jetty.server.session.SessionHandler.doHandle(SessionHandler.java:231)
	at org.eclipse.jetty.server.handler.ContextHandler.doHandle(ContextHandler.java:1072)
	at org.eclipse.jetty.servlet.ServletHandler.doScope(ServletHandler.java:382)
	at org.eclipse.jetty.server.session.SessionHandler.doScope(SessionHandler.java:193)
	at org.eclipse.jetty.server.handler.ContextHandler.doScope(ContextHandler.java:1006)
	at org.eclipse.jetty.server.handler.ScopedHandler.handle(ScopedHandler.java:135)
	at org.eclipse.jetty.server.handler.HandlerWrapper.handle(HandlerWrapper.java:116)
	at org.eclipse.jetty.server.Server.handle(Server.java:365)
	at org.eclipse.jetty.server.AbstractHttpConnection.handleRequest(AbstractHttpConnection.java:485)
	at org.eclipse.jetty.server.AbstractHttpConnection.headerComplete(AbstractHttpConnection.java:926)
	at org.eclipse.jetty.server.AbstractHttpConnection$RequestHandler.headerComplete(AbstractHttpConnection.java:988)
	at org.eclipse.jetty.http.HttpParser.parseNext(HttpParser.java:635)
	at org.eclipse.jetty.http.HttpParser.parseAvailable(HttpParser.java:235)
	at org.eclipse.jetty.server.AsyncHttpConnection.handle(AsyncHttpConnection.java:82)
	at org.eclipse.jetty.io.nio.SelectChannelEndPoint.handle(SelectChannelEndPoint.java:628)
	at org.eclipse.jetty.io.nio.SelectChannelEndPoint$1.run(SelectChannelEndPoint.java:52)
	at org.eclipse.jetty.util.thread.QueuedThreadPool.runJob(QueuedThreadPool.java:608)
	at org.eclipse.jetty.util.thread.QueuedThreadPool$3.run(QueuedThreadPool.java:543)
	at java.lang.Thread.run(Thread.java:748)

2020-04-28 16:40:53
[ERROR]-[Thread: JFinal-Scanner]-[com.alibaba.druid.pool.DruidDataSource.init()]: init datasource error
java.sql.SQLException: Access denied for user 'root'@'localhost' (using password: YES)
	at com.mysql.jdbc.SQLError.createSQLException(SQLError.java:1073)
	at com.mysql.jdbc.MysqlIO.checkErrorPacket(MysqlIO.java:4096)
	at com.mysql.jdbc.MysqlIO.checkErrorPacket(MysqlIO.java:4028)
	at com.mysql.jdbc.MysqlIO.checkErrorPacket(MysqlIO.java:951)
	at com.mysql.jdbc.MysqlIO.proceedHandshakeWithPluggableAuthentication(MysqlIO.java:1717)
	at com.mysql.jdbc.MysqlIO.doHandshake(MysqlIO.java:1276)
	at com.mysql.jdbc.ConnectionImpl.coreConnect(ConnectionImpl.java:2395)
	at com.mysql.jdbc.ConnectionImpl.connectOneTryOnly(ConnectionImpl.java:2428)
	at com.mysql.jdbc.ConnectionImpl.createNewIO(ConnectionImpl.java:2213)
	at com.mysql.jdbc.ConnectionImpl.<init>(ConnectionImpl.java:797)
	at com.mysql.jdbc.JDBC4Connection.<init>(JDBC4Connection.java:47)
	at sun.reflect.NativeConstructorAccessorImpl.newInstance0(Native Method)
	at sun.reflect.NativeConstructorAccessorImpl.newInstance(NativeConstructorAccessorImpl.java:62)
	at sun.reflect.DelegatingConstructorAccessorImpl.newInstance(DelegatingConstructorAccessorImpl.java:45)
	at java.lang.reflect.Constructor.newInstance(Constructor.java:423)
	at com.mysql.jdbc.Util.handleNewInstance(Util.java:411)
	at com.mysql.jdbc.ConnectionImpl.getInstance(ConnectionImpl.java:389)
	at com.mysql.jdbc.NonRegisteringDriver.connect(NonRegisteringDriver.java:305)
	at com.alibaba.druid.pool.DruidAbstractDataSource.createPhysicalConnection(DruidAbstractDataSource.java:1201)
	at com.alibaba.druid.pool.DruidAbstractDataSource.createPhysicalConnection(DruidAbstractDataSource.java:1257)
	at com.alibaba.druid.pool.DruidDataSource.init(DruidDataSource.java:405)
	at com.alibaba.druid.pool.DruidDataSource.getConnection(DruidDataSource.java:581)
	at com.alibaba.druid.pool.DruidDataSource.getConnection(DruidDataSource.java:577)
	at com.alibaba.druid.pool.DruidDataSource.getConnection(DruidDataSource.java:78)
	at com.jfinal.plugin.activerecord.TableInfoBuilder.buildTableInfo(TableInfoBuilder.java:36)
	at com.jfinal.plugin.activerecord.ActiveRecordPlugin.start(ActiveRecordPlugin.java:118)
	at com.jfinal.ext.plugin.tablebind.AutoTableBindPlugin.start(AutoTableBindPlugin.java:124)
	at com.jfinal.core.Config.startPlugins(Config.java:78)
	at com.jfinal.core.Config.configJFinal(Config.java:48)
	at com.jfinal.core.JFinal.init(JFinal.java:68)
	at com.jfinal.core.JFinalFilter.init(JFinalFilter.java:49)
	at org.eclipse.jetty.servlet.FilterHolder.doStart(FilterHolder.java:119)
	at org.eclipse.jetty.util.component.AbstractLifeCycle.start(AbstractLifeCycle.java:64)
	at org.eclipse.jetty.servlet.ServletHandler.initialize(ServletHandler.java:724)
	at org.eclipse.jetty.servlet.ServletContextHandler.startContext(ServletContextHandler.java:265)
	at org.eclipse.jetty.webapp.WebAppContext.startContext(WebAppContext.java:1250)
	at org.eclipse.jetty.server.handler.ContextHandler.doStart(ContextHandler.java:706)
	at org.eclipse.jetty.webapp.WebAppContext.doStart(WebAppContext.java:492)
	at org.eclipse.jetty.util.component.AbstractLifeCycle.start(AbstractLifeCycle.java:64)
	at com.jfinal.server.JettyServer$1.onChange(JettyServer.java:100)
	at com.jfinal.server.Scanner.compare(Scanner.java:87)
	at com.jfinal.server.Scanner.working(Scanner.java:56)
	at com.jfinal.server.Scanner.access$0(Scanner.java:54)
	at com.jfinal.server.Scanner$1.run(Scanner.java:93)
	at java.util.TimerThread.mainLoop(Timer.java:555)
	at java.util.TimerThread.run(Timer.java:505)

2020-04-28 16:40:53
[ERROR]-[Thread: JFinal-Scanner]-[com.alibaba.druid.pool.DruidDataSource.init()]: dataSource init error
java.sql.SQLException: Access denied for user 'root'@'localhost' (using password: YES)
	at com.mysql.jdbc.SQLError.createSQLException(SQLError.java:1073)
	at com.mysql.jdbc.MysqlIO.checkErrorPacket(MysqlIO.java:4096)
	at com.mysql.jdbc.MysqlIO.checkErrorPacket(MysqlIO.java:4028)
	at com.mysql.jdbc.MysqlIO.checkErrorPacket(MysqlIO.java:951)
	at com.mysql.jdbc.MysqlIO.proceedHandshakeWithPluggableAuthentication(MysqlIO.java:1717)
	at com.mysql.jdbc.MysqlIO.doHandshake(MysqlIO.java:1276)
	at com.mysql.jdbc.ConnectionImpl.coreConnect(ConnectionImpl.java:2395)
	at com.mysql.jdbc.ConnectionImpl.connectOneTryOnly(ConnectionImpl.java:2428)
	at com.mysql.jdbc.ConnectionImpl.createNewIO(ConnectionImpl.java:2213)
	at com.mysql.jdbc.ConnectionImpl.<init>(ConnectionImpl.java:797)
	at com.mysql.jdbc.JDBC4Connection.<init>(JDBC4Connection.java:47)
	at sun.reflect.NativeConstructorAccessorImpl.newInstance0(Native Method)
	at sun.reflect.NativeConstructorAccessorImpl.newInstance(NativeConstructorAccessorImpl.java:62)
	at sun.reflect.DelegatingConstructorAccessorImpl.newInstance(DelegatingConstructorAccessorImpl.java:45)
	at java.lang.reflect.Constructor.newInstance(Constructor.java:423)
	at com.mysql.jdbc.Util.handleNewInstance(Util.java:411)
	at com.mysql.jdbc.ConnectionImpl.getInstance(ConnectionImpl.java:389)
	at com.mysql.jdbc.NonRegisteringDriver.connect(NonRegisteringDriver.java:305)
	at com.alibaba.druid.pool.DruidAbstractDataSource.createPhysicalConnection(DruidAbstractDataSource.java:1201)
	at com.alibaba.druid.pool.DruidAbstractDataSource.createPhysicalConnection(DruidAbstractDataSource.java:1257)
	at com.alibaba.druid.pool.DruidDataSource.init(DruidDataSource.java:405)
	at com.alibaba.druid.pool.DruidDataSource.getConnection(DruidDataSource.java:581)
	at com.alibaba.druid.pool.DruidDataSource.getConnection(DruidDataSource.java:577)
	at com.alibaba.druid.pool.DruidDataSource.getConnection(DruidDataSource.java:78)
	at com.jfinal.plugin.activerecord.TableInfoBuilder.buildTableInfo(TableInfoBuilder.java:36)
	at com.jfinal.plugin.activerecord.ActiveRecordPlugin.start(ActiveRecordPlugin.java:118)
	at com.jfinal.ext.plugin.tablebind.AutoTableBindPlugin.start(AutoTableBindPlugin.java:124)
	at com.jfinal.core.Config.startPlugins(Config.java:78)
	at com.jfinal.core.Config.configJFinal(Config.java:48)
	at com.jfinal.core.JFinal.init(JFinal.java:68)
	at com.jfinal.core.JFinalFilter.init(JFinalFilter.java:49)
	at org.eclipse.jetty.servlet.FilterHolder.doStart(FilterHolder.java:119)
	at org.eclipse.jetty.util.component.AbstractLifeCycle.start(AbstractLifeCycle.java:64)
	at org.eclipse.jetty.servlet.ServletHandler.initialize(ServletHandler.java:724)
	at org.eclipse.jetty.servlet.ServletContextHandler.startContext(ServletContextHandler.java:265)
	at org.eclipse.jetty.webapp.WebAppContext.startContext(WebAppContext.java:1250)
	at org.eclipse.jetty.server.handler.ContextHandler.doStart(ContextHandler.java:706)
	at org.eclipse.jetty.webapp.WebAppContext.doStart(WebAppContext.java:492)
	at org.eclipse.jetty.util.component.AbstractLifeCycle.start(AbstractLifeCycle.java:64)
	at com.jfinal.server.JettyServer$1.onChange(JettyServer.java:100)
	at com.jfinal.server.Scanner.compare(Scanner.java:87)
	at com.jfinal.server.Scanner.working(Scanner.java:56)
	at com.jfinal.server.Scanner.access$0(Scanner.java:54)
	at com.jfinal.server.Scanner$1.run(Scanner.java:93)
	at java.util.TimerThread.mainLoop(Timer.java:555)
	at java.util.TimerThread.run(Timer.java:505)

2020-04-28 16:40:53
[ERROR]-[Thread: JFinal-Scanner]-[com.jfinal.core.Config.startPlugins()]: Plugin start error: com.jfinal.ext.plugin.tablebind.AutoTableBindPlugin. 
java.sql.SQLException: Access denied for user 'root'@'localhost' (using password: YES)
com.jfinal.plugin.activerecord.ActiveRecordException: java.sql.SQLException: Access denied for user 'root'@'localhost' (using password: YES)
	at com.jfinal.plugin.activerecord.TableInfoBuilder.buildTableInfo(TableInfoBuilder.java:38)
	at com.jfinal.plugin.activerecord.ActiveRecordPlugin.start(ActiveRecordPlugin.java:118)
	at com.jfinal.ext.plugin.tablebind.AutoTableBindPlugin.start(AutoTableBindPlugin.java:124)
	at com.jfinal.core.Config.startPlugins(Config.java:78)
	at com.jfinal.core.Config.configJFinal(Config.java:48)
	at com.jfinal.core.JFinal.init(JFinal.java:68)
	at com.jfinal.core.JFinalFilter.init(JFinalFilter.java:49)
	at org.eclipse.jetty.servlet.FilterHolder.doStart(FilterHolder.java:119)
	at org.eclipse.jetty.util.component.AbstractLifeCycle.start(AbstractLifeCycle.java:64)
	at org.eclipse.jetty.servlet.ServletHandler.initialize(ServletHandler.java:724)
	at org.eclipse.jetty.servlet.ServletContextHandler.startContext(ServletContextHandler.java:265)
	at org.eclipse.jetty.webapp.WebAppContext.startContext(WebAppContext.java:1250)
	at org.eclipse.jetty.server.handler.ContextHandler.doStart(ContextHandler.java:706)
	at org.eclipse.jetty.webapp.WebAppContext.doStart(WebAppContext.java:492)
	at org.eclipse.jetty.util.component.AbstractLifeCycle.start(AbstractLifeCycle.java:64)
	at com.jfinal.server.JettyServer$1.onChange(JettyServer.java:100)
	at com.jfinal.server.Scanner.compare(Scanner.java:87)
	at com.jfinal.server.Scanner.working(Scanner.java:56)
	at com.jfinal.server.Scanner.access$0(Scanner.java:54)
	at com.jfinal.server.Scanner$1.run(Scanner.java:93)
	at java.util.TimerThread.mainLoop(Timer.java:555)
	at java.util.TimerThread.run(Timer.java:505)
Caused by: java.sql.SQLException: Access denied for user 'root'@'localhost' (using password: YES)
	at com.mysql.jdbc.SQLError.createSQLException(SQLError.java:1073)
	at com.mysql.jdbc.MysqlIO.checkErrorPacket(MysqlIO.java:4096)
	at com.mysql.jdbc.MysqlIO.checkErrorPacket(MysqlIO.java:4028)
	at com.mysql.jdbc.MysqlIO.checkErrorPacket(MysqlIO.java:951)
	at com.mysql.jdbc.MysqlIO.proceedHandshakeWithPluggableAuthentication(MysqlIO.java:1717)
	at com.mysql.jdbc.MysqlIO.doHandshake(MysqlIO.java:1276)
	at com.mysql.jdbc.ConnectionImpl.coreConnect(ConnectionImpl.java:2395)
	at com.mysql.jdbc.ConnectionImpl.connectOneTryOnly(ConnectionImpl.java:2428)
	at com.mysql.jdbc.ConnectionImpl.createNewIO(ConnectionImpl.java:2213)
	at com.mysql.jdbc.ConnectionImpl.<init>(ConnectionImpl.java:797)
	at com.mysql.jdbc.JDBC4Connection.<init>(JDBC4Connection.java:47)
	at sun.reflect.NativeConstructorAccessorImpl.newInstance0(Native Method)
	at sun.reflect.NativeConstructorAccessorImpl.newInstance(NativeConstructorAccessorImpl.java:62)
	at sun.reflect.DelegatingConstructorAccessorImpl.newInstance(DelegatingConstructorAccessorImpl.java:45)
	at java.lang.reflect.Constructor.newInstance(Constructor.java:423)
	at com.mysql.jdbc.Util.handleNewInstance(Util.java:411)
	at com.mysql.jdbc.ConnectionImpl.getInstance(ConnectionImpl.java:389)
	at com.mysql.jdbc.NonRegisteringDriver.connect(NonRegisteringDriver.java:305)
	at com.alibaba.druid.pool.DruidAbstractDataSource.createPhysicalConnection(DruidAbstractDataSource.java:1201)
	at com.alibaba.druid.pool.DruidAbstractDataSource.createPhysicalConnection(DruidAbstractDataSource.java:1257)
	at com.alibaba.druid.pool.DruidDataSource.init(DruidDataSource.java:405)
	at com.alibaba.druid.pool.DruidDataSource.getConnection(DruidDataSource.java:581)
	at com.alibaba.druid.pool.DruidDataSource.getConnection(DruidDataSource.java:577)
	at com.alibaba.druid.pool.DruidDataSource.getConnection(DruidDataSource.java:78)
	at com.jfinal.plugin.activerecord.TableInfoBuilder.buildTableInfo(TableInfoBuilder.java:36)
	... 21 more

2020-04-28 16:41:05
[ERROR]-[Thread: JFinal-Scanner]-[com.alibaba.druid.pool.DruidDataSource.init()]: init datasource error
java.sql.SQLException: Access denied for user 'root'@'localhost' (using password: YES)
	at com.mysql.jdbc.SQLError.createSQLException(SQLError.java:1073)
	at com.mysql.jdbc.MysqlIO.checkErrorPacket(MysqlIO.java:4096)
	at com.mysql.jdbc.MysqlIO.checkErrorPacket(MysqlIO.java:4028)
	at com.mysql.jdbc.MysqlIO.checkErrorPacket(MysqlIO.java:951)
	at com.mysql.jdbc.MysqlIO.proceedHandshakeWithPluggableAuthentication(MysqlIO.java:1717)
	at com.mysql.jdbc.MysqlIO.doHandshake(MysqlIO.java:1276)
	at com.mysql.jdbc.ConnectionImpl.coreConnect(ConnectionImpl.java:2395)
	at com.mysql.jdbc.ConnectionImpl.connectOneTryOnly(ConnectionImpl.java:2428)
	at com.mysql.jdbc.ConnectionImpl.createNewIO(ConnectionImpl.java:2213)
	at com.mysql.jdbc.ConnectionImpl.<init>(ConnectionImpl.java:797)
	at com.mysql.jdbc.JDBC4Connection.<init>(JDBC4Connection.java:47)
	at sun.reflect.NativeConstructorAccessorImpl.newInstance0(Native Method)
	at sun.reflect.NativeConstructorAccessorImpl.newInstance(NativeConstructorAccessorImpl.java:62)
	at sun.reflect.DelegatingConstructorAccessorImpl.newInstance(DelegatingConstructorAccessorImpl.java:45)
	at java.lang.reflect.Constructor.newInstance(Constructor.java:423)
	at com.mysql.jdbc.Util.handleNewInstance(Util.java:411)
	at com.mysql.jdbc.ConnectionImpl.getInstance(ConnectionImpl.java:389)
	at com.mysql.jdbc.NonRegisteringDriver.connect(NonRegisteringDriver.java:305)
	at com.alibaba.druid.pool.DruidAbstractDataSource.createPhysicalConnection(DruidAbstractDataSource.java:1201)
	at com.alibaba.druid.pool.DruidAbstractDataSource.createPhysicalConnection(DruidAbstractDataSource.java:1257)
	at com.alibaba.druid.pool.DruidDataSource.init(DruidDataSource.java:405)
	at com.alibaba.druid.pool.DruidDataSource.getConnection(DruidDataSource.java:581)
	at com.alibaba.druid.pool.DruidDataSource.getConnection(DruidDataSource.java:577)
	at com.alibaba.druid.pool.DruidDataSource.getConnection(DruidDataSource.java:78)
	at com.jfinal.plugin.activerecord.TableInfoBuilder.buildTableInfo(TableInfoBuilder.java:36)
	at com.jfinal.plugin.activerecord.ActiveRecordPlugin.start(ActiveRecordPlugin.java:118)
	at com.jfinal.ext.plugin.tablebind.AutoTableBindPlugin.start(AutoTableBindPlugin.java:124)
	at com.jfinal.core.Config.startPlugins(Config.java:78)
	at com.jfinal.core.Config.configJFinal(Config.java:48)
	at com.jfinal.core.JFinal.init(JFinal.java:68)
	at com.jfinal.core.JFinalFilter.init(JFinalFilter.java:49)
	at org.eclipse.jetty.servlet.FilterHolder.doStart(FilterHolder.java:119)
	at org.eclipse.jetty.util.component.AbstractLifeCycle.start(AbstractLifeCycle.java:64)
	at org.eclipse.jetty.servlet.ServletHandler.initialize(ServletHandler.java:724)
	at org.eclipse.jetty.servlet.ServletContextHandler.startContext(ServletContextHandler.java:265)
	at org.eclipse.jetty.webapp.WebAppContext.startContext(WebAppContext.java:1250)
	at org.eclipse.jetty.server.handler.ContextHandler.doStart(ContextHandler.java:706)
	at org.eclipse.jetty.webapp.WebAppContext.doStart(WebAppContext.java:492)
	at org.eclipse.jetty.util.component.AbstractLifeCycle.start(AbstractLifeCycle.java:64)
	at com.jfinal.server.JettyServer$1.onChange(JettyServer.java:100)
	at com.jfinal.server.Scanner.compare(Scanner.java:87)
	at com.jfinal.server.Scanner.working(Scanner.java:56)
	at com.jfinal.server.Scanner.access$0(Scanner.java:54)
	at com.jfinal.server.Scanner$1.run(Scanner.java:93)
	at java.util.TimerThread.mainLoop(Timer.java:555)
	at java.util.TimerThread.run(Timer.java:505)

2020-04-28 16:41:05
[ERROR]-[Thread: JFinal-Scanner]-[com.alibaba.druid.pool.DruidDataSource.init()]: dataSource init error
java.sql.SQLException: Access denied for user 'root'@'localhost' (using password: YES)
	at com.mysql.jdbc.SQLError.createSQLException(SQLError.java:1073)
	at com.mysql.jdbc.MysqlIO.checkErrorPacket(MysqlIO.java:4096)
	at com.mysql.jdbc.MysqlIO.checkErrorPacket(MysqlIO.java:4028)
	at com.mysql.jdbc.MysqlIO.checkErrorPacket(MysqlIO.java:951)
	at com.mysql.jdbc.MysqlIO.proceedHandshakeWithPluggableAuthentication(MysqlIO.java:1717)
	at com.mysql.jdbc.MysqlIO.doHandshake(MysqlIO.java:1276)
	at com.mysql.jdbc.ConnectionImpl.coreConnect(ConnectionImpl.java:2395)
	at com.mysql.jdbc.ConnectionImpl.connectOneTryOnly(ConnectionImpl.java:2428)
	at com.mysql.jdbc.ConnectionImpl.createNewIO(ConnectionImpl.java:2213)
	at com.mysql.jdbc.ConnectionImpl.<init>(ConnectionImpl.java:797)
	at com.mysql.jdbc.JDBC4Connection.<init>(JDBC4Connection.java:47)
	at sun.reflect.NativeConstructorAccessorImpl.newInstance0(Native Method)
	at sun.reflect.NativeConstructorAccessorImpl.newInstance(NativeConstructorAccessorImpl.java:62)
	at sun.reflect.DelegatingConstructorAccessorImpl.newInstance(DelegatingConstructorAccessorImpl.java:45)
	at java.lang.reflect.Constructor.newInstance(Constructor.java:423)
	at com.mysql.jdbc.Util.handleNewInstance(Util.java:411)
	at com.mysql.jdbc.ConnectionImpl.getInstance(ConnectionImpl.java:389)
	at com.mysql.jdbc.NonRegisteringDriver.connect(NonRegisteringDriver.java:305)
	at com.alibaba.druid.pool.DruidAbstractDataSource.createPhysicalConnection(DruidAbstractDataSource.java:1201)
	at com.alibaba.druid.pool.DruidAbstractDataSource.createPhysicalConnection(DruidAbstractDataSource.java:1257)
	at com.alibaba.druid.pool.DruidDataSource.init(DruidDataSource.java:405)
	at com.alibaba.druid.pool.DruidDataSource.getConnection(DruidDataSource.java:581)
	at com.alibaba.druid.pool.DruidDataSource.getConnection(DruidDataSource.java:577)
	at com.alibaba.druid.pool.DruidDataSource.getConnection(DruidDataSource.java:78)
	at com.jfinal.plugin.activerecord.TableInfoBuilder.buildTableInfo(TableInfoBuilder.java:36)
	at com.jfinal.plugin.activerecord.ActiveRecordPlugin.start(ActiveRecordPlugin.java:118)
	at com.jfinal.ext.plugin.tablebind.AutoTableBindPlugin.start(AutoTableBindPlugin.java:124)
	at com.jfinal.core.Config.startPlugins(Config.java:78)
	at com.jfinal.core.Config.configJFinal(Config.java:48)
	at com.jfinal.core.JFinal.init(JFinal.java:68)
	at com.jfinal.core.JFinalFilter.init(JFinalFilter.java:49)
	at org.eclipse.jetty.servlet.FilterHolder.doStart(FilterHolder.java:119)
	at org.eclipse.jetty.util.component.AbstractLifeCycle.start(AbstractLifeCycle.java:64)
	at org.eclipse.jetty.servlet.ServletHandler.initialize(ServletHandler.java:724)
	at org.eclipse.jetty.servlet.ServletContextHandler.startContext(ServletContextHandler.java:265)
	at org.eclipse.jetty.webapp.WebAppContext.startContext(WebAppContext.java:1250)
	at org.eclipse.jetty.server.handler.ContextHandler.doStart(ContextHandler.java:706)
	at org.eclipse.jetty.webapp.WebAppContext.doStart(WebAppContext.java:492)
	at org.eclipse.jetty.util.component.AbstractLifeCycle.start(AbstractLifeCycle.java:64)
	at com.jfinal.server.JettyServer$1.onChange(JettyServer.java:100)
	at com.jfinal.server.Scanner.compare(Scanner.java:87)
	at com.jfinal.server.Scanner.working(Scanner.java:56)
	at com.jfinal.server.Scanner.access$0(Scanner.java:54)
	at com.jfinal.server.Scanner$1.run(Scanner.java:93)
	at java.util.TimerThread.mainLoop(Timer.java:555)
	at java.util.TimerThread.run(Timer.java:505)

2020-04-28 16:41:05
[ERROR]-[Thread: JFinal-Scanner]-[com.jfinal.core.Config.startPlugins()]: Plugin start error: com.jfinal.ext.plugin.tablebind.AutoTableBindPlugin. 
java.sql.SQLException: Access denied for user 'root'@'localhost' (using password: YES)
com.jfinal.plugin.activerecord.ActiveRecordException: java.sql.SQLException: Access denied for user 'root'@'localhost' (using password: YES)
	at com.jfinal.plugin.activerecord.TableInfoBuilder.buildTableInfo(TableInfoBuilder.java:38)
	at com.jfinal.plugin.activerecord.ActiveRecordPlugin.start(ActiveRecordPlugin.java:118)
	at com.jfinal.ext.plugin.tablebind.AutoTableBindPlugin.start(AutoTableBindPlugin.java:124)
	at com.jfinal.core.Config.startPlugins(Config.java:78)
	at com.jfinal.core.Config.configJFinal(Config.java:48)
	at com.jfinal.core.JFinal.init(JFinal.java:68)
	at com.jfinal.core.JFinalFilter.init(JFinalFilter.java:49)
	at org.eclipse.jetty.servlet.FilterHolder.doStart(FilterHolder.java:119)
	at org.eclipse.jetty.util.component.AbstractLifeCycle.start(AbstractLifeCycle.java:64)
	at org.eclipse.jetty.servlet.ServletHandler.initialize(ServletHandler.java:724)
	at org.eclipse.jetty.servlet.ServletContextHandler.startContext(ServletContextHandler.java:265)
	at org.eclipse.jetty.webapp.WebAppContext.startContext(WebAppContext.java:1250)
	at org.eclipse.jetty.server.handler.ContextHandler.doStart(ContextHandler.java:706)
	at org.eclipse.jetty.webapp.WebAppContext.doStart(WebAppContext.java:492)
	at org.eclipse.jetty.util.component.AbstractLifeCycle.start(AbstractLifeCycle.java:64)
	at com.jfinal.server.JettyServer$1.onChange(JettyServer.java:100)
	at com.jfinal.server.Scanner.compare(Scanner.java:87)
	at com.jfinal.server.Scanner.working(Scanner.java:56)
	at com.jfinal.server.Scanner.access$0(Scanner.java:54)
	at com.jfinal.server.Scanner$1.run(Scanner.java:93)
	at java.util.TimerThread.mainLoop(Timer.java:555)
	at java.util.TimerThread.run(Timer.java:505)
Caused by: java.sql.SQLException: Access denied for user 'root'@'localhost' (using password: YES)
	at com.mysql.jdbc.SQLError.createSQLException(SQLError.java:1073)
	at com.mysql.jdbc.MysqlIO.checkErrorPacket(MysqlIO.java:4096)
	at com.mysql.jdbc.MysqlIO.checkErrorPacket(MysqlIO.java:4028)
	at com.mysql.jdbc.MysqlIO.checkErrorPacket(MysqlIO.java:951)
	at com.mysql.jdbc.MysqlIO.proceedHandshakeWithPluggableAuthentication(MysqlIO.java:1717)
	at com.mysql.jdbc.MysqlIO.doHandshake(MysqlIO.java:1276)
	at com.mysql.jdbc.ConnectionImpl.coreConnect(ConnectionImpl.java:2395)
	at com.mysql.jdbc.ConnectionImpl.connectOneTryOnly(ConnectionImpl.java:2428)
	at com.mysql.jdbc.ConnectionImpl.createNewIO(ConnectionImpl.java:2213)
	at com.mysql.jdbc.ConnectionImpl.<init>(ConnectionImpl.java:797)
	at com.mysql.jdbc.JDBC4Connection.<init>(JDBC4Connection.java:47)
	at sun.reflect.NativeConstructorAccessorImpl.newInstance0(Native Method)
	at sun.reflect.NativeConstructorAccessorImpl.newInstance(NativeConstructorAccessorImpl.java:62)
	at sun.reflect.DelegatingConstructorAccessorImpl.newInstance(DelegatingConstructorAccessorImpl.java:45)
	at java.lang.reflect.Constructor.newInstance(Constructor.java:423)
	at com.mysql.jdbc.Util.handleNewInstance(Util.java:411)
	at com.mysql.jdbc.ConnectionImpl.getInstance(ConnectionImpl.java:389)
	at com.mysql.jdbc.NonRegisteringDriver.connect(NonRegisteringDriver.java:305)
	at com.alibaba.druid.pool.DruidAbstractDataSource.createPhysicalConnection(DruidAbstractDataSource.java:1201)
	at com.alibaba.druid.pool.DruidAbstractDataSource.createPhysicalConnection(DruidAbstractDataSource.java:1257)
	at com.alibaba.druid.pool.DruidDataSource.init(DruidDataSource.java:405)
	at com.alibaba.druid.pool.DruidDataSource.getConnection(DruidDataSource.java:581)
	at com.alibaba.druid.pool.DruidDataSource.getConnection(DruidDataSource.java:577)
	at com.alibaba.druid.pool.DruidDataSource.getConnection(DruidDataSource.java:78)
	at com.jfinal.plugin.activerecord.TableInfoBuilder.buildTableInfo(TableInfoBuilder.java:36)
	... 21 more
